{"C:\\workspace\\async-test\\fetchData.js": {"path":"C:\\workspace\\async-test\\fetchData.js","statementMap":{"0":{"start":{"line":2,"column":18},"end":{"line":4,"column":2}},"1":{"start":{"line":2,"column":24},"end":{"line":4,"column":2}},"2":{"start":{"line":3,"column":4},"end":{"line":3,"column":42}},"3":{"start":{"line":6,"column":0},"end":{"line":6,"column":27}}},"fnMap":{"0":{"name":"(anonymous_0)","decl":{"start":{"line":2,"column":18},"end":{"line":2,"column":19}},"loc":{"start":{"line":2,"column":24},"end":{"line":4,"column":2}},"line":2},"1":{"name":"(anonymous_1)","decl":{"start":{"line":2,"column":36},"end":{"line":2,"column":37}},"loc":{"start":{"line":2,"column":57},"end":{"line":4,"column":1}},"line":2}},"branchMap":{},"s":{"0":1,"1":1,"2":1,"3":1},"f":{"0":1,"1":1},"b":{},"_coverageSchema":"1a1c01bbd47fc00a2c39e90264f33305004495a9","hash":"5ec3378fb7c534c29b9ae68cfa1d104547f0088e"}
,"C:\\workspace\\async-test\\sum.js": {"path":"C:\\workspace\\async-test\\sum.js","statementMap":{"0":{"start":{"line":2,"column":12},"end":{"line":2,"column":27}},"1":{"start":{"line":2,"column":22},"end":{"line":2,"column":27}},"2":{"start":{"line":4,"column":0},"end":{"line":4,"column":21}}},"fnMap":{"0":{"name":"(anonymous_0)","decl":{"start":{"line":2,"column":12},"end":{"line":2,"column":13}},"loc":{"start":{"line":2,"column":22},"end":{"line":2,"column":27}},"line":2}},"branchMap":{},"s":{"0":1,"1":1,"2":1},"f":{"0":1},"b":{},"_coverageSchema":"1a1c01bbd47fc00a2c39e90264f33305004495a9","hash":"10e5e895b2a4d39bf00caa967a7b8308b6c10b99"}
,"C:\\workspace\\async-test\\sumArray.js": {"path":"C:\\workspace\\async-test\\sumArray.js","statementMap":{"0":{"start":{"line":2,"column":17},"end":{"line":6,"column":1}},"1":{"start":{"line":3,"column":4},"end":{"line":5,"column":7}},"2":{"start":{"line":4,"column":8},"end":{"line":4,"column":30}},"3":{"start":{"line":8,"column":0},"end":{"line":8,"column":26}}},"fnMap":{"0":{"name":"(anonymous_0)","decl":{"start":{"line":2,"column":17},"end":{"line":2,"column":18}},"loc":{"start":{"line":2,"column":26},"end":{"line":6,"column":1}},"line":2},"1":{"name":"(anonymous_1)","decl":{"start":{"line":3,"column":22},"end":{"line":3,"column":23}},"loc":{"start":{"line":3,"column":55},"end":{"line":5,"column":5}},"line":3}},"branchMap":{},"s":{"0":1,"1":1,"2":3,"3":1},"f":{"0":1,"1":3},"b":{},"_coverageSchema":"1a1c01bbd47fc00a2c39e90264f33305004495a9","hash":"3959170423492d368bdd67af712284a3d3458e2b"}
}
